# JRE version: Java(TM) SE Runtime Environment (8.0_05-b13) (build 1.8.0_05-b13)
# Java VM: Java HotSpot(TM) 64-Bit Server VM (25.5-b02 mixed mode windows-amd64 compressed oops)
Heap:
 def new generation   total 58496K, used 35593K [0x00000000a2400000, 0x00000000a6370000, 0x00000000c1800000)
  eden space 52032K,  68% used [0x00000000a2400000, 0x00000000a46c2550, 0x00000000a56d0000)
  from space 6464K,   0% used [0x00000000a56d0000, 0x00000000a56d0000, 0x00000000a5d20000)
  to   space 6464K,   0% used [0x00000000a5d20000, 0x00000000a5d20000, 0x00000000a6370000)
 tenured generation   total 129792K, used 28980K [0x00000000c1800000, 0x00000000c96c0000, 0x0000000100000000)
   the space 129792K,  22% used [0x00000000c1800000, 0x00000000c344d1c0, 0x00000000c344d200, 0x00000000c96c0000)
 Metaspace       used 35228K, capacity 35618K, committed 36012K, reserved 1079296K
  class space    used 5173K, capacity 5256K, committed 5376K, reserved 1048576K
GC Heap History (10 events):
Event: 9.991 GC heap before
{Heap before GC invocations=141 (full 1):
 def new generation   total 58496K, used 52032K [0x00000000a2400000, 0x00000000a6370000, 0x00000000c1800000)
  eden space 52032K, 100% used [0x00000000a2400000, 0x00000000a56d0000, 0x00000000a56d0000)
  from space 6464K,   0% used [0x00000000a56d0000, 0x00000000a56d0000, 0x00000000a5d20000)
  to   space 6464K,   0% used [0x00000000a5d20000, 0x00000000a5d20000, 0x00000000a6370000)
 tenured generation   total 129792K, used 11038K [0x00000000c1800000, 0x00000000c96c0000, 0x0000000100000000)
   the space 129792K,   8% used [0x00000000c1800000, 0x00000000c22c7830, 0x00000000c22c7a00, 0x00000000c96c0000)
 Metaspace       used 24491K, capacity 24700K, committed 24960K, reserved 1071104K
  class space    used 3545K, capacity 3595K, committed 3712K, reserved 1048576K
Event: 9.999 GC heap after
Heap after GC invocations=142 (full 1):
 def new generation   total 58496K, used 3900K [0x00000000a2400000, 0x00000000a6370000, 0x00000000c1800000)
  eden space 52032K,   0% used [0x00000000a2400000, 0x00000000a2400000, 0x00000000a56d0000)
  from space 6464K,  60% used [0x00000000a5d20000, 0x00000000a60ef170, 0x00000000a6370000)
  to   space 6464K,   0% used [0x00000000a56d0000, 0x00000000a56d0000, 0x00000000a5d20000)
 tenured generation   total 129792K, used 11038K [0x00000000c1800000, 0x00000000c96c0000, 0x0000000100000000)
   the space 129792K,   8% used [0x00000000c1800000, 0x00000000c22c7830, 0x00000000c22c7a00, 0x00000000c96c0000)
 Metaspace       used 24491K, capacity 24700K, committed 24960K, reserved 1071104K
  class space    used 3545K, capacity 3595K, committed 3712K, reserved 1048576K
}
Event: 10.448 GC heap before
{Heap before GC invocations=142 (full 1):
 def new generation   total 58496K, used 55932K [0x00000000a2400000, 0x00000000a6370000, 0x00000000c1800000)
  eden space 52032K, 100% used [0x00000000a2400000, 0x00000000a56d0000, 0x00000000a56d0000)
  from space 6464K,  60% used [0x00000000a5d20000, 0x00000000a60ef170, 0x00000000a6370000)
  to   space 6464K,   0% used [0x00000000a56d0000, 0x00000000a56d0000, 0x00000000a5d20000)
 tenured generation   total 129792K, used 11038K [0x00000000c1800000, 0x00000000c96c0000, 0x0000000100000000)
   the space 129792K,   8% used [0x00000000c1800000, 0x00000000c22c7830, 0x00000000c22c7a00, 0x00000000c96c0000)
 Metaspace       used 27357K, capacity 27612K, committed 28032K, reserved 1073152K
  class space    used 4089K, capacity 4139K, committed 4224K, reserved 1048576K
Event: 10.456 GC heap after
Heap after GC invocations=143 (full 1):
 def new generation   total 58496K, used 3109K [0x00000000a2400000, 0x00000000a6370000, 0x00000000c1800000)
  eden space 52032K,   0% used [0x00000000a2400000, 0x00000000a2400000, 0x00000000a56d0000)
  from space 6464K,  48% used [0x00000000a56d0000, 0x00000000a59d9510, 0x00000000a5d20000)
  to   space 6464K,   0% used [0x00000000a5d20000, 0x00000000a5d20000, 0x00000000a6370000)
 tenured generation   total 129792K, used 12309K [0x00000000c1800000, 0x00000000c96c0000, 0x0000000100000000)
   the space 129792K,   9% used [0x00000000c1800000, 0x00000000c2405678, 0x00000000c2405800, 0x00000000c96c0000)
 Metaspace       used 27357K, capacity 27612K, committed 28032K, reserved 1073152K
  class space    used 4089K, capacity 4139K, committed 4224K, reserved 1048576K
}
Event: 11.905 GC heap before
{Heap before GC invocations=143 (full 1):
 def new generation   total 58496K, used 55141K [0x00000000a2400000, 0x00000000a6370000, 0x00000000c1800000)
  eden space 52032K, 100% used [0x00000000a2400000, 0x00000000a56d0000, 0x00000000a56d0000)
  from space 6464K,  48% used [0x00000000a56d0000, 0x00000000a59d9510, 0x00000000a5d20000)
  to   space 6464K,   0% used [0x00000000a5d20000, 0x00000000a5d20000, 0x00000000a6370000)
 tenured generation   total 129792K, used 12309K [0x00000000c1800000, 0x00000000c96c0000, 0x0000000100000000)
   the space 129792K,   9% used [0x00000000c1800000, 0x00000000c2405678, 0x00000000c2405800, 0x00000000c96c0000)
 Metaspace       used 31122K, capacity 31328K, committed 31744K, reserved 1077248K
  class space    used 4749K, capacity 4817K, committed 4864K, reserved 1048576K
Event: 11.916 GC heap after
Heap after GC invocations=144 (full 1):
 def new generation   total 58496K, used 6310K [0x00000000a2400000, 0x00000000a6370000, 0x00000000c1800000)
  eden space 52032K,   0% used [0x00000000a2400000, 0x00000000a2400000, 0x00000000a56d0000)
  from space 6464K,  97% used [0x00000000a5d20000, 0x00000000a6349a58, 0x00000000a6370000)
  to   space 6464K,   0% used [0x00000000a56d0000, 0x00000000a56d0000, 0x00000000a5d20000)
 tenured generation   total 129792K, used 12309K [0x00000000c1800000, 0x00000000c96c0000, 0x0000000100000000)
   the space 129792K,   9% used [0x00000000c1800000, 0x00000000c2405678, 0x00000000c2405800, 0x00000000c96c0000)
 Metaspace       used 31122K, capacity 31328K, committed 31744K, reserved 1077248K
  class space    used 4749K, capacity 4817K, committed 4864K, reserved 1048576K
}
Event: 14.844 GC heap before
{Heap before GC invocations=144 (full 1):
 def new generation   total 58496K, used 58342K [0x00000000a2400000, 0x00000000a6370000, 0x00000000c1800000)
  eden space 52032K, 100% used [0x00000000a2400000, 0x00000000a56d0000, 0x00000000a56d0000)
  from space 6464K,  97% used [0x00000000a5d20000, 0x00000000a6349a58, 0x00000000a6370000)
  to   space 6464K,   0% used [0x00000000a56d0000, 0x00000000a56d0000, 0x00000000a5d20000)
 tenured generation   total 129792K, used 12309K [0x00000000c1800000, 0x00000000c96c0000, 0x0000000100000000)
   the space 129792K,   9% used [0x00000000c1800000, 0x00000000c2405678, 0x00000000c2405800, 0x00000000c96c0000)
 Metaspace       used 34480K, capacity 34850K, committed 35116K, reserved 1079296K
  class space    used 5096K, capacity 5192K, committed 5248K, reserved 1048576K
Event: 14.868 GC heap after
Heap after GC invocations=145 (full 1):
 def new generation   total 58496K, used 6463K [0x00000000a2400000, 0x00000000a6370000, 0x00000000c1800000)
  eden space 52032K,   0% used [0x00000000a2400000, 0x00000000a2400000, 0x00000000a56d0000)
  from space 6464K,  99% used [0x00000000a56d0000, 0x00000000a5d1fff8, 0x00000000a5d20000)
  to   space 6464K,   0% used [0x00000000a5d20000, 0x00000000a5d20000, 0x00000000a6370000)
 tenured generation   total 129792K, used 17170K [0x00000000c1800000, 0x00000000c96c0000, 0x0000000100000000)
   the space 129792K,  13% used [0x00000000c1800000, 0x00000000c28c4bc8, 0x00000000c28c4c00, 0x00000000c96c0000)
 Metaspace       used 34480K, capacity 34850K, committed 35116K, reserved 1079296K
  class space    used 5096K, capacity 5192K, committed 5248K, reserved 1048576K
}
Event: 15.061 GC heap before
{Heap before GC invocations=145 (full 1):
 def new generation   total 58496K, used 27276K [0x00000000a2400000, 0x00000000a6370000, 0x00000000c1800000)
  eden space 52032K,  39% used [0x00000000a2400000, 0x00000000a3853220, 0x00000000a56d0000)
  from space 6464K,  99% used [0x00000000a56d0000, 0x00000000a5d1fff8, 0x00000000a5d20000)
  to   space 6464K,   0% used [0x00000000a5d20000, 0x00000000a5d20000, 0x00000000a6370000)
 tenured generation   total 129792K, used 17170K [0x00000000c1800000, 0x00000000c96c0000, 0x0000000100000000)
   the space 129792K,  13% used [0x00000000c1800000, 0x00000000c28c4bc8, 0x00000000c28c4c00, 0x00000000c96c0000)
 Metaspace       used 34609K, capacity 34914K, committed 35116K, reserved 1079296K
  class space    used 5101K, capacity 5192K, committed 5248K, reserved 1048576K
Event: 15.141 GC heap after
Heap after GC invocations=146 (full 2):
 def new generation   total 58496K, used 0K [0x00000000a2400000, 0x00000000a6370000, 0x00000000c1800000)
  eden space 52032K,   0% used [0x00000000a2400000, 0x00000000a2400000, 0x00000000a56d0000)
  from space 6464K,   0% used [0x00000000a56d0000, 0x00000000a56d0000, 0x00000000a5d20000)
  to   space 6464K,   0% used [0x00000000a5d20000, 0x00000000a5d20000, 0x00000000a6370000)
 tenured generation   total 129792K, used 28980K [0x00000000c1800000, 0x00000000c96c0000, 0x0000000100000000)
   the space 129792K,  22% used [0x00000000c1800000, 0x00000000c344d1c0, 0x00000000c344d200, 0x00000000c96c0000)
 Metaspace       used 34609K, capacity 34914K, committed 35116K, reserved 1079296K
  class space    used 5101K, capacity 5192K, committed 5248K, reserved 1048576K
}

